<?xml version="1.0" encoding="UTF-8"?>
<!-- Generated by org.testng.reporters.JUnitReportReporter -->
<testsuite hostname="PVGN50893865A" name="com.ian.sblog.dao.UserDaoTest" tests="1" failures="0" timestamp="16 Aug 2017 10:43:06 GMT" time="1.677" errors="0">
  <testcase name="findUserByUsernameAndPassword" time="1.677" classname="com.ian.sblog.dao.UserDaoTest"/>
</testsuite> <!-- com.ian.sblog.dao.UserDaoTest -->
